#
# There is insufficient memory for the Java Runtime Environment to continue.
# Native memory allocation (malloc) failed to allocate 447056 bytes. Error detail: Chunk::new
# Possible reasons:
#   The system is out of physical RAM or swap space
#   This process is running with CompressedOops enabled, and the Java Heap may be blocking the growth of the native heap
# Possible solutions:
#   Reduce memory load on the system
#   Increase physical memory or swap space
#   Check if swap backing store is full
#   Decrease Java heap size (-Xmx/-Xms)
#   Decrease number of Java threads
#   Decrease Java thread stack sizes (-Xss)
#   Set larger code cache with -XX:ReservedCodeCacheSize=
#   JVM is running with Unscaled Compressed Oops mode in which the Java heap is
#     placed in the first 4GB address space. The Java Heap base address is the
#     maximum limit for the native heap growth. Please use -XX:HeapBaseMinAddress
#     to set the Java Heap base and to place the Java Heap above 4GB virtual address.
# This output file may be truncated or incomplete.
#
#  Out of Memory Error (arena.cpp:168), pid=28092, tid=3120
#
# JRE version: OpenJDK Runtime Environment Temurin-21.0.8+9 (21.0.8+9) (build 21.0.8+9-LTS)
# Java VM: OpenJDK 64-Bit Server VM Temurin-21.0.8+9 (21.0.8+9-LTS, mixed mode, sharing, tiered, compressed oops, compressed class ptrs, parallel gc, windows-amd64)
# No core dump will be written. Minidumps are not enabled by default on client versions of Windows
#

---------------  S U M M A R Y ------------

Command Line: --add-modules=ALL-SYSTEM --add-opens=java.base/java.util=ALL-UNNAMED --add-opens=java.base/java.lang=ALL-UNNAMED --add-opens=java.base/sun.nio.fs=ALL-UNNAMED -Declipse.application=org.eclipse.jdt.ls.core.id1 -Dosgi.bundles.defaultStartLevel=4 -Declipse.product=org.eclipse.jdt.ls.core.product -Djava.import.generatesMetadataFilesAtProjectRoot=false -DDetectVMInstallationsJob.disabled=true -Dfile.encoding=utf8 -XX:+UseParallelGC -XX:GCTimeRatio=4 -XX:AdaptiveSizePolicyWeight=90 -Dsun.zip.disableMemoryMapping=true -Xmx2G -Xms100m -Xlog:disable -javaagent:c:\Users\G Anusha\.vscode\extensions\redhat.java-1.46.0-win32-x64\lombok\lombok-1.18.39-4050.jar -XX:+HeapDumpOnOutOfMemoryError -XX:HeapDumpPath=c:\Users\G Anusha\AppData\Roaming\Code\User\workspaceStorage\176592e7eaa29a9721fe9114996a2c06\redhat.java -Daether.dependencyCollector.impl=bf c:\Users\G Anusha\.vscode\extensions\redhat.java-1.46.0-win32-x64\server\plugins\org.eclipse.equinox.launcher_1.7.0.v20250519-0528.jar -configuration c:\Users\G Anusha\AppData\Roaming\Code\User\globalStorage\redhat.java\1.46.0\config_win -data c:\Users\G Anusha\AppData\Roaming\Code\User\workspaceStorage\176592e7eaa29a9721fe9114996a2c06\redhat.java\jdt_ws --pipe=\\.\pipe\lsp-f8d8ab88b9084907d53281106c49d369-sock

Host: 12th Gen Intel(R) Core(TM) i5-1230U, 12 cores, 15G,  Windows 11 , 64 bit Build 26100 (10.0.26100.5074)
Time: Thu Oct  9 09:37:02 2025 India Standard Time elapsed time: 5.673116 seconds (0d 0h 0m 5s)

---------------  T H R E A D  ---------------

Current thread (0x000001697d435750):  JavaThread "C2 CompilerThread2" daemon [_thread_in_native, id=3120, stack(0x00000049fd000000,0x00000049fd100000) (1024K)]


Current CompileTask:
C2:5673 3901 %     4       java.io.WinNTFileSystem::normalize @ 22 (143 bytes)

Stack: [0x00000049fd000000,0x00000049fd100000]
Native frames: (J=compiled Java code, j=interpreted, Vv=VM code, C=native code)
V  [jvm.dll+0x6d2449]
V  [jvm.dll+0x8ae341]
V  [jvm.dll+0x8b08be]
V  [jvm.dll+0x8b0fa3]
V  [jvm.dll+0x280c96]
V  [jvm.dll+0xc581d]
V  [jvm.dll+0xc5d53]
V  [jvm.dll+0x3b9162]
V  [jvm.dll+0x385315]
V  [jvm.dll+0x38477a]
V  [jvm.dll+0x248ed0]
V  [jvm.dll+0x2484af]
V  [jvm.dll+0x1c89ee]
V  [jvm.dll+0x257d4d]
V  [jvm.dll+0x2562ea]
V  [jvm.dll+0x3f2d16]
V  [jvm.dll+0x857e6b]
V  [jvm.dll+0x6d0b0d]
C  [ucrtbase.dll+0x37b0]
C  [KERNEL32.DLL+0x2e8d7]
C  [ntdll.dll+0x8d9c]


---------------  P R O C E S S  ---------------

Threads class SMR info:
_java_thread_list=0x000001697d19dcf0, length=25, elements={
0x000001695cb69030, 0x0000016975a3dae0, 0x0000016975a3e630, 0x000001695f051360,
0x000001695f053bd0, 0x000001695f058710, 0x0000016976bbbfb0, 0x000001695f05d9a0,
0x0000016976bc00c0, 0x0000016976c96490, 0x0000016976dbd390, 0x0000016976e679c0,
0x000001697cc5e020, 0x000001697c89d2a0, 0x000001697c80a640, 0x000001697c8d1100,
0x000001697cfba3a0, 0x000001697ca858b0, 0x000001697d234ba0, 0x000001697c13f6a0,
0x000001697cf77bb0, 0x000001697cf76e90, 0x000001697d435750, 0x000001697cf76170,
0x000001697cf77520
}

Java Threads: ( => current thread )
  0x000001695cb69030 JavaThread "main"                              [_thread_blocked, id=31140, stack(0x00000049fae00000,0x00000049faf00000) (1024K)]
  0x0000016975a3dae0 JavaThread "Reference Handler"          daemon [_thread_blocked, id=3940, stack(0x00000049fb200000,0x00000049fb300000) (1024K)]
  0x0000016975a3e630 JavaThread "Finalizer"                  daemon [_thread_blocked, id=32216, stack(0x00000049fb300000,0x00000049fb400000) (1024K)]
  0x000001695f051360 JavaThread "Signal Dispatcher"          daemon [_thread_blocked, id=12212, stack(0x00000049fb400000,0x00000049fb500000) (1024K)]
  0x000001695f053bd0 JavaThread "Attach Listener"            daemon [_thread_blocked, id=18588, stack(0x00000049fb500000,0x00000049fb600000) (1024K)]
  0x000001695f058710 JavaThread "Service Thread"             daemon [_thread_blocked, id=10596, stack(0x00000049fb600000,0x00000049fb700000) (1024K)]
  0x0000016976bbbfb0 JavaThread "Monitor Deflation Thread"   daemon [_thread_blocked, id=33404, stack(0x00000049fb700000,0x00000049fb800000) (1024K)]
  0x000001695f05d9a0 JavaThread "C2 CompilerThread0"         daemon [_thread_in_native, id=33028, stack(0x00000049fb800000,0x00000049fb900000) (1024K)]
  0x0000016976bc00c0 JavaThread "C1 CompilerThread0"         daemon [_thread_blocked, id=21196, stack(0x00000049fb900000,0x00000049fba00000) (1024K)]
  0x0000016976c96490 JavaThread "Common-Cleaner"             daemon [_thread_blocked, id=31420, stack(0x00000049fba00000,0x00000049fbb00000) (1024K)]
  0x0000016976dbd390 JavaThread "C2 CompilerThread1"         daemon [_thread_in_native, id=23696, stack(0x00000049fbb00000,0x00000049fbc00000) (1024K)]
  0x0000016976e679c0 JavaThread "Notification Thread"        daemon [_thread_blocked, id=32620, stack(0x00000049fbc00000,0x00000049fbd00000) (1024K)]
  0x000001697cc5e020 JavaThread "Active Thread: Equinox Container: 10503cf5-d84e-45d6-96bd-b1ac93163fdd"        [_thread_blocked, id=1804, stack(0x00000049fc400000,0x00000049fc500000) (1024K)]
  0x000001697c89d2a0 JavaThread "Refresh Thread: Equinox Container: 10503cf5-d84e-45d6-96bd-b1ac93163fdd" daemon [_thread_blocked, id=21064, stack(0x00000049fc500000,0x00000049fc600000) (1024K)]
  0x000001697c80a640 JavaThread "Framework Event Dispatcher: Equinox Container: 10503cf5-d84e-45d6-96bd-b1ac93163fdd" daemon [_thread_blocked, id=28244, stack(0x00000049fc700000,0x00000049fc800000) (1024K)]
  0x000001697c8d1100 JavaThread "Start Level: Equinox Container: 10503cf5-d84e-45d6-96bd-b1ac93163fdd" daemon [_thread_in_vm, id=22796, stack(0x00000049fc800000,0x00000049fc900000) (1024K)]
  0x000001697cfba3a0 JavaThread "Bundle File Closer"         daemon [_thread_blocked, id=21828, stack(0x00000049fcb00000,0x00000049fcc00000) (1024K)]
  0x000001697ca858b0 JavaThread "SCR Component Actor"        daemon [_thread_blocked, id=11996, stack(0x00000049fcc00000,0x00000049fcd00000) (1024K)]
  0x000001697d234ba0 JavaThread "Worker-JM"                         [_thread_blocked, id=23460, stack(0x00000049fcd00000,0x00000049fce00000) (1024K)]
  0x000001697c13f6a0 JavaThread "JNA Cleaner"                daemon [_thread_blocked, id=29052, stack(0x00000049fbd00000,0x00000049fbe00000) (1024K)]
  0x000001697cf77bb0 JavaThread "Worker-0"                          [_thread_blocked, id=22648, stack(0x00000049fce00000,0x00000049fcf00000) (1024K)]
  0x000001697cf76e90 JavaThread "Worker-1: Repository registry initialization"        [_thread_in_native, id=29044, stack(0x00000049fcf00000,0x00000049fd000000) (1024K)]
=>0x000001697d435750 JavaThread "C2 CompilerThread2"         daemon [_thread_in_native, id=3120, stack(0x00000049fd000000,0x00000049fd100000) (1024K)]
  0x000001697cf76170 JavaThread "Java indexing"              daemon [_thread_blocked, id=23376, stack(0x00000049fd100000,0x00000049fd200000) (1024K)]
  0x000001697cf77520 JavaThread "Worker-2"                          [_thread_blocked, id=31976, stack(0x00000049fd200000,0x00000049fd300000) (1024K)]
Total: 25

Other Threads:
  0x0000016976b92640 VMThread "VM Thread"                           [id=18092, stack(0x00000049fb100000,0x00000049fb200000) (1024K)]
  0x000001697591ca00 WatcherThread "VM Periodic Task Thread"        [id=32824, stack(0x00000049fb000000,0x00000049fb100000) (1024K)]
  0x000001695efe7a50 WorkerThread "GC Thread#0"                     [id=21004, stack(0x00000049faf00000,0x00000049fb000000) (1024K)]
  0x000001697c6afe80 WorkerThread "GC Thread#1"                     [id=10880, stack(0x00000049fbe00000,0x00000049fbf00000) (1024K)]
  0x000001697c8ac4f0 WorkerThread "GC Thread#2"                     [id=31032, stack(0x00000049fbf00000,0x00000049fc000000) (1024K)]
  0x000001697c6c8a00 WorkerThread "GC Thread#3"                     [id=24128, stack(0x00000049fc000000,0x00000049fc100000) (1024K)]
  0x000001697c74ae40 WorkerThread "GC Thread#4"                     [id=32924, stack(0x00000049fc100000,0x00000049fc200000) (1024K)]
  0x000001697c74b1e0 WorkerThread "GC Thread#5"                     [id=12980, stack(0x00000049fc200000,0x00000049fc300000) (1024K)]
  0x000001697c74b580 WorkerThread "GC Thread#6"                     [id=17332, stack(0x00000049fc300000,0x00000049fc400000) (1024K)]
  0x000001697c84f870 WorkerThread "GC Thread#7"                     [id=616, stack(0x00000049fc600000,0x00000049fc700000) (1024K)]
  0x000001697c9c0040 WorkerThread "GC Thread#8"                     [id=28692, stack(0x00000049fc900000,0x00000049fca00000) (1024K)]
  0x000001697c7367a0 WorkerThread "GC Thread#9"                     [id=16056, stack(0x00000049fca00000,0x00000049fcb00000) (1024K)]
Total: 12

Threads with active compile tasks:
C2 CompilerThread0  5769 3972       4       java.util.WeakHashMap::remove (131 bytes)
C2 CompilerThread1  5769 3786       4       org.lombokweb.asm.ClassReader::readMethod (1070 bytes)
C2 CompilerThread2  5769 3901 %     4       java.io.WinNTFileSystem::normalize @ 22 (143 bytes)
Total: 3

VM state: not at safepoint (normal execution)

VM Mutex/Monitor currently owned by a thread: None

Heap address: 0x0000000080000000, size: 2048 MB, Compressed Oops mode: 32-bit

CDS archive(s) mapped at: [0x0000016900000000-0x0000016900ba0000-0x0000016900ba0000), size 12189696, SharedBaseAddress: 0x0000016900000000, ArchiveRelocationMode: 1.
Compressed class space mapped at: 0x0000016901000000-0x0000016941000000, reserved size: 1073741824
Narrow klass base: 0x0000016900000000, Narrow klass shift: 0, Narrow klass range: 0x100000000

GC Precious Log:
 CardTable entry size: 512
 CPUs: 12 total, 12 available
 Memory: 16077M
 Large Page Support: Disabled
 NUMA Support: Disabled
 Compressed Oops: Enabled (32-bit)
 Alignments: Space 512K, Generation 512K, Heap 2M
 Heap Min Capacity: 100M
 Heap Initial Capacity: 100M
 Heap Max Capacity: 2G
 Pre-touch: Disabled
 Parallel Workers: 10

Heap:
 PSYoungGen      total 25088K, used 8925K [0x00000000d5580000, 0x00000000d7480000, 0x0000000100000000)
  eden space 23040K, 29% used [0x00000000d5580000,0x00000000d5c39928,0x00000000d6c00000)
  from space 2048K, 99% used [0x00000000d7280000,0x00000000d747dc90,0x00000000d7480000)
  to   space 3584K, 0% used [0x00000000d6d80000,0x00000000d6d80000,0x00000000d7100000)
 ParOldGen       total 68608K, used 14918K [0x0000000080000000, 0x0000000084300000, 0x00000000d5580000)
  object space 68608K, 21% used [0x0000000080000000,0x0000000080e91990,0x0000000084300000)
 Metaspace       used 29124K, committed 30144K, reserved 1114112K
  class space    used 2927K, committed 3392K, reserved 1048576K

Card table byte_map: [0x000001695e970000,0x000001695ed80000] _byte_map_base: 0x000001695e570000

Marking Bits: (ParMarkBitMap*) 0x00007ffcd076a340
 Begin Bits: [0x0000016971440000, 0x0000016973440000)
 End Bits:   [0x0000016973440000, 0x0000016975440000)

Polling page: 0x000001695e760000

Metaspace:

Usage:
  Non-class:     25.58 MB used.
      Class:      2.86 MB used.
       Both:     28.44 MB used.

Virtual space:
  Non-class space:       64.00 MB reserved,      26.12 MB ( 41%) committed,  1 nodes.
      Class space:        1.00 GB reserved,       3.31 MB ( <1%) committed,  1 nodes.
             Both:        1.06 GB reserved,      29.44 MB (  3%) committed. 

Chunk freelists:
   Non-Class:  5.76 MB
       Class:  12.70 MB
        Both:  18.46 MB

MaxMetaspaceSize: unlimited
CompressedClassSpaceSize: 1.00 GB
Initial GC threshold: 21.00 MB
Current GC threshold: 35.00 MB
CDS: on
 - commit_granule_bytes: 65536.
 - commit_granule_words: 8192.
 - virtual_space_node_default_size: 8388608.
 - enlarge_chunks_in_place: 1.
 - use_allocation_guard: 0.


Internal statistics:

num_allocs_failed_limit: 3.
num_arena_births: 842.
num_arena_deaths: 14.
num_vsnodes_births: 2.
num_vsnodes_deaths: 0.
num_space_committed: 472.
num_space_uncommitted: 0.
num_chunks_returned_to_freelist: 17.
num_chunks_taken_from_freelist: 2065.
num_chunk_merges: 9.
num_chunk_splits: 1311.
num_chunks_enlarged: 796.
num_inconsistent_stats: 0.

CodeHeap 'non-profiled nmethods': size=120000Kb used=1873Kb max_used=1873Kb free=118126Kb
 bounds [0x0000016969c60000, 0x0000016969ed0000, 0x0000016971190000]
CodeHeap 'profiled nmethods': size=120000Kb used=7885Kb max_used=7885Kb free=112114Kb
 bounds [0x0000016962190000, 0x0000016962950000, 0x00000169696c0000]
CodeHeap 'non-nmethods': size=5760Kb used=1344Kb max_used=1361Kb free=4415Kb
 bounds [0x00000169696c0000, 0x0000016969930000, 0x0000016969c60000]
CodeCache: size=245760Kb, used=11102Kb, max_used=11119Kb, free=234655Kb
 total_blobs=4595, nmethods=3963, adapters=537, full_count=0
Compilation: enabled, stopped_count=0, restarted_count=0

Compilation events (20 events):
Event: 5.572 Thread 0x0000016976bc00c0 nmethod 3926 0x0000016962918790 code [0x0000016962918980, 0x0000016962918d50]
Event: 5.573 Thread 0x0000016976bc00c0 3927       3       sun.util.locale.LanguageTag::parseLanguage (55 bytes)
Event: 5.576 Thread 0x0000016976bc00c0 nmethod 3927 0x0000016962918f10 code [0x0000016962919120, 0x0000016962919700]
Event: 5.577 Thread 0x0000016976bc00c0 3928       3       sun.util.locale.LanguageTag::parsePrivateuse (144 bytes)
Event: 5.584 Thread 0x0000016976bc00c0 nmethod 3928 0x0000016962919990 code [0x0000016962919c80, 0x000001696291aa88]
Event: 5.588 Thread 0x0000016976bc00c0 3955       3       java.lang.String::<init> (99 bytes)
Event: 5.596 Thread 0x0000016976bc00c0 nmethod 3955 0x000001696291b010 code [0x000001696291b400, 0x000001696291ce20]
Event: 5.602 Thread 0x0000016976bc00c0 3956       2       java.util.HashMap::putVal (300 bytes)
Event: 5.607 Thread 0x0000016976bc00c0 nmethod 3956 0x000001696291d710 code [0x000001696291d980, 0x000001696291e0b8]
Event: 5.612 Thread 0x0000016976bc00c0 3929       3       sun.util.locale.InternalLocaleBuilder::setLanguageTag (173 bytes)
Event: 5.621 Thread 0x0000016976bc00c0 nmethod 3929 0x000001696291e510 code [0x000001696291e8e0, 0x0000016962920178]
Event: 5.625 Thread 0x0000016976bc00c0 3930       3       sun.util.locale.InternalLocaleBuilder::clear (31 bytes)
Event: 5.627 Thread 0x0000016976bc00c0 nmethod 3930 0x0000016962920910 code [0x0000016962920ac0, 0x0000016962920c88]
Event: 5.628 Thread 0x0000016976bc00c0 3931       3       sun.util.locale.LanguageTag::getExtlangs (24 bytes)
Event: 5.630 Thread 0x000001695f05d9a0 nmethod 3946 0x0000016969e2eb90 code [0x0000016969e2ed80, 0x0000016969e2f578]
Event: 5.631 Thread 0x0000016976bc00c0 nmethod 3931 0x0000016962920d10 code [0x0000016962920ee0, 0x00000169629211b8]
Event: 5.632 Thread 0x0000016976bc00c0 3932       3       sun.util.locale.InternalLocaleBuilder::setExtensions (202 bytes)
Event: 5.646 Thread 0x000001695f05d9a0 3904       4       java.lang.StringLatin1::getChars (12 bytes)
Event: 5.651 Thread 0x0000016976bc00c0 nmethod 3932 0x0000016962921290 code [0x0000016962921780, 0x0000016962923da8]
Event: 5.658 Thread 0x0000016976bc00c0 3957   !   3       org.eclipse.osgi.internal.loader.BundleLoader::findClass0 (491 bytes)

GC Heap History (20 events):
Event: 1.583 GC heap before
{Heap before GC invocations=2 (full 0):
 PSYoungGen      total 29696K, used 28935K [0x00000000d5580000, 0x00000000d7680000, 0x0000000100000000)
  eden space 25600K, 100% used [0x00000000d5580000,0x00000000d6e80000,0x00000000d6e80000)
  from space 4096K, 81% used [0x00000000d6e80000,0x00000000d71c1e18,0x00000000d7280000)
  to   space 4096K, 0% used [0x00000000d7280000,0x00000000d7280000,0x00000000d7680000)
 ParOldGen       total 68608K, used 16K [0x0000000080000000, 0x0000000084300000, 0x00000000d5580000)
  object space 68608K, 0% used [0x0000000080000000,0x0000000080004000,0x0000000084300000)
 Metaspace       used 7909K, committed 8192K, reserved 1114112K
  class space    used 839K, committed 960K, reserved 1048576K
}
Event: 1.599 GC heap after
{Heap after GC invocations=2 (full 0):
 PSYoungGen      total 29696K, used 4093K [0x00000000d5580000, 0x00000000d7680000, 0x0000000100000000)
  eden space 25600K, 0% used [0x00000000d5580000,0x00000000d5580000,0x00000000d6e80000)
  from space 4096K, 99% used [0x00000000d7280000,0x00000000d767f4d0,0x00000000d7680000)
  to   space 4096K, 0% used [0x00000000d6e80000,0x00000000d6e80000,0x00000000d7280000)
 ParOldGen       total 68608K, used 1811K [0x0000000080000000, 0x0000000084300000, 0x00000000d5580000)
  object space 68608K, 2% used [0x0000000080000000,0x00000000801c4c50,0x0000000084300000)
 Metaspace       used 7909K, committed 8192K, reserved 1114112K
  class space    used 839K, committed 960K, reserved 1048576K
}
Event: 2.097 GC heap before
{Heap before GC invocations=3 (full 0):
 PSYoungGen      total 29696K, used 29693K [0x00000000d5580000, 0x00000000d7680000, 0x0000000100000000)
  eden space 25600K, 100% used [0x00000000d5580000,0x00000000d6e80000,0x00000000d6e80000)
  from space 4096K, 99% used [0x00000000d7280000,0x00000000d767f4d0,0x00000000d7680000)
  to   space 4096K, 0% used [0x00000000d6e80000,0x00000000d6e80000,0x00000000d7280000)
 ParOldGen       total 68608K, used 1811K [0x0000000080000000, 0x0000000084300000, 0x00000000d5580000)
  object space 68608K, 2% used [0x0000000080000000,0x00000000801c4c50,0x0000000084300000)
 Metaspace       used 9333K, committed 9664K, reserved 1114112K
  class space    used 1008K, committed 1152K, reserved 1048576K
}
Event: 2.107 GC heap after
{Heap after GC invocations=3 (full 0):
 PSYoungGen      total 29696K, used 4088K [0x00000000d5580000, 0x00000000d7680000, 0x0000000100000000)
  eden space 25600K, 0% used [0x00000000d5580000,0x00000000d5580000,0x00000000d6e80000)
  from space 4096K, 99% used [0x00000000d6e80000,0x00000000d727e310,0x00000000d7280000)
  to   space 4096K, 0% used [0x00000000d7280000,0x00000000d7280000,0x00000000d7680000)
 ParOldGen       total 68608K, used 4849K [0x0000000080000000, 0x0000000084300000, 0x00000000d5580000)
  object space 68608K, 7% used [0x0000000080000000,0x00000000804bc660,0x0000000084300000)
 Metaspace       used 9333K, committed 9664K, reserved 1114112K
  class space    used 1008K, committed 1152K, reserved 1048576K
}
Event: 2.695 GC heap before
{Heap before GC invocations=4 (full 0):
 PSYoungGen      total 29696K, used 29688K [0x00000000d5580000, 0x00000000d7680000, 0x0000000100000000)
  eden space 25600K, 100% used [0x00000000d5580000,0x00000000d6e80000,0x00000000d6e80000)
  from space 4096K, 99% used [0x00000000d6e80000,0x00000000d727e310,0x00000000d7280000)
  to   space 4096K, 0% used [0x00000000d7280000,0x00000000d7280000,0x00000000d7680000)
 ParOldGen       total 68608K, used 4849K [0x0000000080000000, 0x0000000084300000, 0x00000000d5580000)
  object space 68608K, 7% used [0x0000000080000000,0x00000000804bc660,0x0000000084300000)
 Metaspace       used 11892K, committed 12288K, reserved 1114112K
  class space    used 1283K, committed 1472K, reserved 1048576K
}
Event: 2.711 GC heap after
{Heap after GC invocations=4 (full 0):
 PSYoungGen      total 29696K, used 4094K [0x00000000d5580000, 0x00000000d7680000, 0x0000000100000000)
  eden space 25600K, 0% used [0x00000000d5580000,0x00000000d5580000,0x00000000d6e80000)
  from space 4096K, 99% used [0x00000000d7280000,0x00000000d767fb40,0x00000000d7680000)
  to   space 4096K, 0% used [0x00000000d6e80000,0x00000000d6e80000,0x00000000d7280000)
 ParOldGen       total 68608K, used 6620K [0x0000000080000000, 0x0000000084300000, 0x00000000d5580000)
  object space 68608K, 9% used [0x0000000080000000,0x00000000806773f0,0x0000000084300000)
 Metaspace       used 11892K, committed 12288K, reserved 1114112K
  class space    used 1283K, committed 1472K, reserved 1048576K
}
Event: 3.390 GC heap before
{Heap before GC invocations=5 (full 0):
 PSYoungGen      total 29696K, used 29694K [0x00000000d5580000, 0x00000000d7680000, 0x0000000100000000)
  eden space 25600K, 100% used [0x00000000d5580000,0x00000000d6e80000,0x00000000d6e80000)
  from space 4096K, 99% used [0x00000000d7280000,0x00000000d767fb40,0x00000000d7680000)
  to   space 4096K, 0% used [0x00000000d6e80000,0x00000000d6e80000,0x00000000d7280000)
 ParOldGen       total 68608K, used 6620K [0x0000000080000000, 0x0000000084300000, 0x00000000d5580000)
  object space 68608K, 9% used [0x0000000080000000,0x00000000806773f0,0x0000000084300000)
 Metaspace       used 15697K, committed 16256K, reserved 1114112K
  class space    used 1661K, committed 1984K, reserved 1048576K
}
Event: 3.397 GC heap after
{Heap after GC invocations=5 (full 0):
 PSYoungGen      total 29184K, used 4088K [0x00000000d5580000, 0x00000000d7a00000, 0x0000000100000000)
  eden space 25088K, 0% used [0x00000000d5580000,0x00000000d5580000,0x00000000d6e00000)
  from space 4096K, 99% used [0x00000000d6e80000,0x00000000d727e2a8,0x00000000d7280000)
  to   space 6144K, 0% used [0x00000000d7400000,0x00000000d7400000,0x00000000d7a00000)
 ParOldGen       total 68608K, used 8127K [0x0000000080000000, 0x0000000084300000, 0x00000000d5580000)
  object space 68608K, 11% used [0x0000000080000000,0x00000000807eff48,0x0000000084300000)
 Metaspace       used 15697K, committed 16256K, reserved 1114112K
  class space    used 1661K, committed 1984K, reserved 1048576K
}
Event: 4.046 GC heap before
{Heap before GC invocations=6 (full 0):
 PSYoungGen      total 29184K, used 29176K [0x00000000d5580000, 0x00000000d7a00000, 0x0000000100000000)
  eden space 25088K, 100% used [0x00000000d5580000,0x00000000d6e00000,0x00000000d6e00000)
  from space 4096K, 99% used [0x00000000d6e80000,0x00000000d727e2a8,0x00000000d7280000)
  to   space 6144K, 0% used [0x00000000d7400000,0x00000000d7400000,0x00000000d7a00000)
 ParOldGen       total 68608K, used 8127K [0x0000000080000000, 0x0000000084300000, 0x00000000d5580000)
  object space 68608K, 11% used [0x0000000080000000,0x00000000807eff48,0x0000000084300000)
 Metaspace       used 18613K, committed 19392K, reserved 1114112K
  class space    used 1986K, committed 2304K, reserved 1048576K
}
Event: 4.056 GC heap after
{Heap after GC invocations=6 (full 0):
 PSYoungGen      total 29696K, used 4620K [0x00000000d5580000, 0x00000000d7900000, 0x0000000100000000)
  eden space 24576K, 0% used [0x00000000d5580000,0x00000000d5580000,0x00000000d6d80000)
  from space 5120K, 90% used [0x00000000d7400000,0x00000000d78832b8,0x00000000d7900000)
  to   space 5120K, 0% used [0x00000000d6f00000,0x00000000d6f00000,0x00000000d7400000)
 ParOldGen       total 68608K, used 8135K [0x0000000080000000, 0x0000000084300000, 0x00000000d5580000)
  object space 68608K, 11% used [0x0000000080000000,0x00000000807f1f48,0x0000000084300000)
 Metaspace       used 18613K, committed 19392K, reserved 1114112K
  class space    used 1986K, committed 2304K, reserved 1048576K
}
Event: 4.454 GC heap before
{Heap before GC invocations=7 (full 0):
 PSYoungGen      total 29696K, used 24724K [0x00000000d5580000, 0x00000000d7900000, 0x0000000100000000)
  eden space 24576K, 81% used [0x00000000d5580000,0x00000000d6921f30,0x00000000d6d80000)
  from space 5120K, 90% used [0x00000000d7400000,0x00000000d78832b8,0x00000000d7900000)
  to   space 5120K, 0% used [0x00000000d6f00000,0x00000000d6f00000,0x00000000d7400000)
 ParOldGen       total 68608K, used 8135K [0x0000000080000000, 0x0000000084300000, 0x00000000d5580000)
  object space 68608K, 11% used [0x0000000080000000,0x00000000807f1f48,0x0000000084300000)
 Metaspace       used 20633K, committed 21504K, reserved 1114112K
  class space    used 2241K, committed 2624K, reserved 1048576K
}
Event: 4.465 GC heap after
{Heap after GC invocations=7 (full 0):
 PSYoungGen      total 29696K, used 4714K [0x00000000d5580000, 0x00000000d7780000, 0x0000000100000000)
  eden space 24576K, 0% used [0x00000000d5580000,0x00000000d5580000,0x00000000d6d80000)
  from space 5120K, 92% used [0x00000000d6f00000,0x00000000d739a968,0x00000000d7400000)
  to   space 3584K, 0% used [0x00000000d7400000,0x00000000d7400000,0x00000000d7780000)
 ParOldGen       total 68608K, used 9523K [0x0000000080000000, 0x0000000084300000, 0x00000000d5580000)
  object space 68608K, 13% used [0x0000000080000000,0x000000008094cc90,0x0000000084300000)
 Metaspace       used 20633K, committed 21504K, reserved 1114112K
  class space    used 2241K, committed 2624K, reserved 1048576K
}
Event: 4.465 GC heap before
{Heap before GC invocations=8 (full 1):
 PSYoungGen      total 29696K, used 4714K [0x00000000d5580000, 0x00000000d7780000, 0x0000000100000000)
  eden space 24576K, 0% used [0x00000000d5580000,0x00000000d5580000,0x00000000d6d80000)
  from space 5120K, 92% used [0x00000000d6f00000,0x00000000d739a968,0x00000000d7400000)
  to   space 3584K, 0% used [0x00000000d7400000,0x00000000d7400000,0x00000000d7780000)
 ParOldGen       total 68608K, used 9523K [0x0000000080000000, 0x0000000084300000, 0x00000000d5580000)
  object space 68608K, 13% used [0x0000000080000000,0x000000008094cc90,0x0000000084300000)
 Metaspace       used 20633K, committed 21504K, reserved 1114112K
  class space    used 2241K, committed 2624K, reserved 1048576K
}
Event: 4.523 GC heap after
{Heap after GC invocations=8 (full 1):
 PSYoungGen      total 29696K, used 0K [0x00000000d5580000, 0x00000000d7780000, 0x0000000100000000)
  eden space 24576K, 0% used [0x00000000d5580000,0x00000000d5580000,0x00000000d6d80000)
  from space 5120K, 0% used [0x00000000d6f00000,0x00000000d6f00000,0x00000000d7400000)
  to   space 3584K, 0% used [0x00000000d7400000,0x00000000d7400000,0x00000000d7780000)
 ParOldGen       total 68608K, used 13203K [0x0000000080000000, 0x0000000084300000, 0x00000000d5580000)
  object space 68608K, 19% used [0x0000000080000000,0x0000000080ce4e70,0x0000000084300000)
 Metaspace       used 20621K, committed 21504K, reserved 1114112K
  class space    used 2237K, committed 2624K, reserved 1048576K
}
Event: 4.844 GC heap before
{Heap before GC invocations=9 (full 1):
 PSYoungGen      total 29696K, used 24576K [0x00000000d5580000, 0x00000000d7780000, 0x0000000100000000)
  eden space 24576K, 100% used [0x00000000d5580000,0x00000000d6d80000,0x00000000d6d80000)
  from space 5120K, 0% used [0x00000000d6f00000,0x00000000d6f00000,0x00000000d7400000)
  to   space 3584K, 0% used [0x00000000d7400000,0x00000000d7400000,0x00000000d7780000)
 ParOldGen       total 68608K, used 13203K [0x0000000080000000, 0x0000000084300000, 0x00000000d5580000)
  object space 68608K, 19% used [0x0000000080000000,0x0000000080ce4e70,0x0000000084300000)
 Metaspace       used 22991K, committed 24000K, reserved 1114112K
  class space    used 2405K, committed 2816K, reserved 1048576K
}
Event: 4.847 GC heap after
{Heap after GC invocations=9 (full 1):
 PSYoungGen      total 25088K, used 850K [0x00000000d5580000, 0x00000000d7500000, 0x0000000100000000)
  eden space 24064K, 0% used [0x00000000d5580000,0x00000000d5580000,0x00000000d6d00000)
  from space 1024K, 83% used [0x00000000d7400000,0x00000000d74d49b0,0x00000000d7500000)
  to   space 2560K, 0% used [0x00000000d7000000,0x00000000d7000000,0x00000000d7280000)
 ParOldGen       total 68608K, used 13211K [0x0000000080000000, 0x0000000084300000, 0x00000000d5580000)
  object space 68608K, 19% used [0x0000000080000000,0x0000000080ce6e70,0x0000000084300000)
 Metaspace       used 22991K, committed 24000K, reserved 1114112K
  class space    used 2405K, committed 2816K, reserved 1048576K
}
Event: 5.176 GC heap before
{Heap before GC invocations=10 (full 1):
 PSYoungGen      total 25088K, used 24830K [0x00000000d5580000, 0x00000000d7500000, 0x0000000100000000)
  eden space 24064K, 99% used [0x00000000d5580000,0x00000000d6ceae78,0x00000000d6d00000)
  from space 1024K, 83% used [0x00000000d7400000,0x00000000d74d49b0,0x00000000d7500000)
  to   space 2560K, 0% used [0x00000000d7000000,0x00000000d7000000,0x00000000d7280000)
 ParOldGen       total 68608K, used 13211K [0x0000000080000000, 0x0000000084300000, 0x00000000d5580000)
  object space 68608K, 19% used [0x0000000080000000,0x0000000080ce6e70,0x0000000084300000)
 Metaspace       used 26331K, committed 27328K, reserved 1114112K
  class space    used 2662K, committed 3072K, reserved 1048576K
}
Event: 5.182 GC heap after
{Heap after GC invocations=10 (full 1):
 PSYoungGen      total 26112K, used 2220K [0x00000000d5580000, 0x00000000d7480000, 0x0000000100000000)
  eden space 23552K, 0% used [0x00000000d5580000,0x00000000d5580000,0x00000000d6c80000)
  from space 2560K, 86% used [0x00000000d7000000,0x00000000d722b038,0x00000000d7280000)
  to   space 2048K, 0% used [0x00000000d7280000,0x00000000d7280000,0x00000000d7480000)
 ParOldGen       total 68608K, used 13992K [0x0000000080000000, 0x0000000084300000, 0x00000000d5580000)
  object space 68608K, 20% used [0x0000000080000000,0x0000000080daa380,0x0000000084300000)
 Metaspace       used 26331K, committed 27328K, reserved 1114112K
  class space    used 2662K, committed 3072K, reserved 1048576K
}
Event: 5.539 GC heap before
{Heap before GC invocations=11 (full 1):
 PSYoungGen      total 26112K, used 25772K [0x00000000d5580000, 0x00000000d7480000, 0x0000000100000000)
  eden space 23552K, 100% used [0x00000000d5580000,0x00000000d6c80000,0x00000000d6c80000)
  from space 2560K, 86% used [0x00000000d7000000,0x00000000d722b038,0x00000000d7280000)
  to   space 2048K, 0% used [0x00000000d7280000,0x00000000d7280000,0x00000000d7480000)
 ParOldGen       total 68608K, used 13992K [0x0000000080000000, 0x0000000084300000, 0x00000000d5580000)
  object space 68608K, 20% used [0x0000000080000000,0x0000000080daa380,0x0000000084300000)
 Metaspace       used 28026K, committed 29120K, reserved 1114112K
  class space    used 2804K, committed 3264K, reserved 1048576K
}
Event: 5.544 GC heap after
{Heap after GC invocations=11 (full 1):
 PSYoungGen      total 25088K, used 2039K [0x00000000d5580000, 0x00000000d7480000, 0x0000000100000000)
  eden space 23040K, 0% used [0x00000000d5580000,0x00000000d5580000,0x00000000d6c00000)
  from space 2048K, 99% used [0x00000000d7280000,0x00000000d747dc90,0x00000000d7480000)
  to   space 3584K, 0% used [0x00000000d6d80000,0x00000000d6d80000,0x00000000d7100000)
 ParOldGen       total 68608K, used 14918K [0x0000000080000000, 0x0000000084300000, 0x00000000d5580000)
  object space 68608K, 21% used [0x0000000080000000,0x0000000080e91990,0x0000000084300000)
 Metaspace       used 28026K, committed 29120K, reserved 1114112K
  class space    used 2804K, committed 3264K, reserved 1048576K
}

Dll operation events (10 events):
Event: 0.019 Loaded shared library c:\Users\G Anusha\.vscode\extensions\redhat.java-1.46.0-win32-x64\jre\21.0.8-win32-x86_64\bin\java.dll
Event: 0.129 Loaded shared library c:\Users\G Anusha\.vscode\extensions\redhat.java-1.46.0-win32-x64\jre\21.0.8-win32-x86_64\bin\zip.dll
Event: 0.154 Loaded shared library C:\Users\G Anusha\.vscode\extensions\redhat.java-1.46.0-win32-x64\jre\21.0.8-win32-x86_64\bin\instrument.dll
Event: 0.159 Loaded shared library C:\Users\G Anusha\.vscode\extensions\redhat.java-1.46.0-win32-x64\jre\21.0.8-win32-x86_64\bin\net.dll
Event: 0.163 Loaded shared library C:\Users\G Anusha\.vscode\extensions\redhat.java-1.46.0-win32-x64\jre\21.0.8-win32-x86_64\bin\nio.dll
Event: 0.166 Loaded shared library C:\Users\G Anusha\.vscode\extensions\redhat.java-1.46.0-win32-x64\jre\21.0.8-win32-x86_64\bin\zip.dll
Event: 0.191 Loaded shared library C:\Users\G Anusha\.vscode\extensions\redhat.java-1.46.0-win32-x64\jre\21.0.8-win32-x86_64\bin\jimage.dll
Event: 0.255 Loaded shared library c:\Users\G Anusha\.vscode\extensions\redhat.java-1.46.0-win32-x64\jre\21.0.8-win32-x86_64\bin\verify.dll
Event: 1.611 Loaded shared library C:\Users\G Anusha\AppData\Roaming\Code\User\globalStorage\redhat.java\1.46.0\config_win\org.eclipse.equinox.launcher\org.eclipse.equinox.launcher.win32.win32.x86_64_1.2.1400.v20250801-0854\eclipse_11916.dll
Event: 3.556 Loaded shared library C:\Users\G Anusha\AppData\Local\Temp\jna--513089571\jna17792994724022529419.dll

Deoptimization events (20 events):
Event: 5.500 Thread 0x000001697c8d1100 Uncommon trap: trap_request=0xffffff45 fr.pc=0x0000016969dcd204 relative=0x0000000000000504
Event: 5.500 Thread 0x000001697c8d1100 Uncommon trap: reason=unstable_if action=reinterpret pc=0x0000016969dcd204 method=java.lang.AbstractStringBuilder.isLatin1()Z @ 10 c2
Event: 5.501 Thread 0x000001697c8d1100 DEOPT PACKING pc=0x0000016969dcd204 sp=0x00000049fc8fe5a0
Event: 5.501 Thread 0x000001697c8d1100 DEOPT UNPACKING pc=0x0000016969713aa2 sp=0x00000049fc8fe4a0 mode 2
Event: 5.501 Thread 0x000001697c8d1100 Uncommon trap: trap_request=0xffffff45 fr.pc=0x0000016969d6ac78 relative=0x0000000000000438
Event: 5.501 Thread 0x000001697c8d1100 Uncommon trap: reason=unstable_if action=reinterpret pc=0x0000016969d6ac78 method=java.lang.AbstractStringBuilder.isLatin1()Z @ 10 c2
Event: 5.502 Thread 0x000001697c8d1100 DEOPT PACKING pc=0x0000016969d6ac78 sp=0x00000049fc8fe700
Event: 5.502 Thread 0x000001697c8d1100 DEOPT UNPACKING pc=0x0000016969713aa2 sp=0x00000049fc8fe668 mode 2
Event: 5.519 Thread 0x000001697c8d1100 Uncommon trap: trap_request=0xffffffc6 fr.pc=0x0000016969d0c580 relative=0x0000000000000a00
Event: 5.519 Thread 0x000001697c8d1100 Uncommon trap: reason=bimorphic_or_optimized_type_check action=maybe_recompile pc=0x0000016969d0c580 method=java.util.HashMap.putVal(ILjava/lang/Object;Ljava/lang/Object;ZZ)Ljava/lang/Object; @ 56 c2
Event: 5.520 Thread 0x000001697c8d1100 DEOPT PACKING pc=0x0000016969d0c580 sp=0x00000049fc8fde10
Event: 5.520 Thread 0x000001697c8d1100 DEOPT UNPACKING pc=0x0000016969713aa2 sp=0x00000049fc8fdd78 mode 2
Event: 5.520 Thread 0x000001697c8d1100 Uncommon trap: trap_request=0xffffffc6 fr.pc=0x0000016969d0c580 relative=0x0000000000000a00
Event: 5.520 Thread 0x000001697c8d1100 Uncommon trap: reason=bimorphic_or_optimized_type_check action=maybe_recompile pc=0x0000016969d0c580 method=java.util.HashMap.putVal(ILjava/lang/Object;Ljava/lang/Object;ZZ)Ljava/lang/Object; @ 56 c2
Event: 5.521 Thread 0x000001697c8d1100 DEOPT PACKING pc=0x0000016969d0c580 sp=0x00000049fc8fde10
Event: 5.521 Thread 0x000001697c8d1100 DEOPT UNPACKING pc=0x0000016969713aa2 sp=0x00000049fc8fdd78 mode 2
Event: 5.521 Thread 0x000001697c8d1100 Uncommon trap: trap_request=0xffffffc6 fr.pc=0x0000016969d0c580 relative=0x0000000000000a00
Event: 5.521 Thread 0x000001697c8d1100 Uncommon trap: reason=bimorphic_or_optimized_type_check action=maybe_recompile pc=0x0000016969d0c580 method=java.util.HashMap.putVal(ILjava/lang/Object;Ljava/lang/Object;ZZ)Ljava/lang/Object; @ 56 c2
Event: 5.522 Thread 0x000001697c8d1100 DEOPT PACKING pc=0x0000016969d0c580 sp=0x00000049fc8fde10
Event: 5.522 Thread 0x000001697c8d1100 DEOPT UNPACKING pc=0x0000016969713aa2 sp=0x00000049fc8fdd78 mode 2

Classes loaded (20 events):
Event: 5.460 Loading class java/net/InetSocketAddress
Event: 5.461 Loading class java/net/InetSocketAddress done
Event: 5.461 Loading class java/nio/channels/AsynchronousByteChannel
Event: 5.461 Loading class java/nio/channels/AsynchronousChannel
Event: 5.461 Loading class java/nio/channels/AsynchronousChannel done
Event: 5.461 Loading class java/nio/channels/AsynchronousByteChannel done
Event: 5.512 Loading class java/lang/ProcessEnvironment
Event: 5.513 Loading class java/lang/ProcessEnvironment done
Event: 5.517 Loading class java/lang/ProcessEnvironment$NameComparator
Event: 5.517 Loading class java/lang/ProcessEnvironment$NameComparator done
Event: 5.518 Loading class java/lang/ProcessEnvironment$EntryComparator
Event: 5.518 Loading class java/lang/ProcessEnvironment$EntryComparator done
Event: 5.522 Loading class java/lang/ProcessEnvironment$CheckedEntrySet
Event: 5.523 Loading class java/lang/ProcessEnvironment$CheckedEntrySet done
Event: 5.524 Loading class java/lang/ProcessEnvironment$CheckedEntrySet$1
Event: 5.524 Loading class java/lang/ProcessEnvironment$CheckedEntrySet$1 done
Event: 5.525 Loading class java/lang/ProcessEnvironment$CheckedEntry
Event: 5.525 Loading class java/lang/ProcessEnvironment$CheckedEntry done
Event: 5.555 Loading class java/util/UUID$Holder
Event: 5.556 Loading class java/util/UUID$Holder done

Classes unloaded (7 events):
Event: 4.480 Thread 0x0000016976b92640 Unloading class 0x00000169011aec00 'java/lang/invoke/LambdaForm$MH+0x00000169011aec00'
Event: 4.480 Thread 0x0000016976b92640 Unloading class 0x00000169011ae800 'java/lang/invoke/LambdaForm$MH+0x00000169011ae800'
Event: 4.480 Thread 0x0000016976b92640 Unloading class 0x00000169011ae400 'java/lang/invoke/LambdaForm$MH+0x00000169011ae400'
Event: 4.480 Thread 0x0000016976b92640 Unloading class 0x00000169011ae000 'java/lang/invoke/LambdaForm$MH+0x00000169011ae000'
Event: 4.480 Thread 0x0000016976b92640 Unloading class 0x00000169011adc00 'java/lang/invoke/LambdaForm$BMH+0x00000169011adc00'
Event: 4.480 Thread 0x0000016976b92640 Unloading class 0x00000169011ad800 'java/lang/invoke/LambdaForm$DMH+0x00000169011ad800'
Event: 4.480 Thread 0x0000016976b92640 Unloading class 0x00000169011ac400 'java/lang/invoke/LambdaForm$DMH+0x00000169011ac400'

Classes redefined (0 events):
No events

Internal exceptions (20 events):
Event: 4.319 Thread 0x000001697c8d1100 Exception <a 'java/lang/NoSuchMethodError'{0x00000000d6430070}: 'int java.lang.invoke.DirectMethodHandle$Holder.invokeStaticInit(java.lang.Object, int, int)'> (0x00000000d6430070) 
thrown [s\src\hotspot\share\interpreter\linkResolver.cpp, line 773]
Event: 4.320 Thread 0x000001697c8d1100 Exception <a 'java/lang/NoSuchMethodError'{0x00000000d64383f8}: 'int java.lang.invoke.DirectMethodHandle$Holder.invokeStaticInit(java.lang.Object, long, long)'> (0x00000000d64383f8) 
thrown [s\src\hotspot\share\interpreter\linkResolver.cpp, line 773]
Event: 4.320 Thread 0x000001697c8d1100 Exception <a 'java/lang/NoSuchMethodError'{0x00000000d643fdb0}: 'int java.lang.invoke.DirectMethodHandle$Holder.invokeStaticInit(java.lang.Object, float, float)'> (0x00000000d643fdb0) 
thrown [s\src\hotspot\share\interpreter\linkResolver.cpp, line 773]
Event: 4.321 Thread 0x000001697c8d1100 Exception <a 'java/lang/NoSuchMethodError'{0x00000000d6447760}: 'int java.lang.invoke.DirectMethodHandle$Holder.invokeStaticInit(java.lang.Object, double, double)'> (0x00000000d6447760) 
thrown [s\src\hotspot\share\interpreter\linkResolver.cpp, line 773]
Event: 4.321 Thread 0x000001697c8d1100 Exception <a 'java/lang/NoSuchMethodError'{0x00000000d644cb78}: 'int java.lang.invoke.DirectMethodHandle$Holder.invokeStatic(java.lang.Object, long)'> (0x00000000d644cb78) 
thrown [s\src\hotspot\share\interpreter\linkResolver.cpp, line 773]
Event: 4.324 Thread 0x000001697c8d1100 Exception <a 'java/lang/NoSuchMethodError'{0x00000000d646b8e0}: 'int java.lang.invoke.Invokers$Holder.linkToTargetMethod(java.lang.Object, java.lang.Object)'> (0x00000000d646b8e0) 
thrown [s\src\hotspot\share\interpreter\linkResolver.cpp, line 773]
Event: 4.360 Thread 0x000001697c8d1100 Exception <a 'java/lang/NoSuchMethodError'{0x00000000d655a188}: 'java.lang.Object java.lang.invoke.Invokers$Holder.invoke_MT(java.lang.Object, java.lang.Object, java.lang.Object, java.lang.Object, java.lang.Object, java.lang.Object, java.lang.Object, java.lang.Object, java.lang.Object, java.lang.Object, java.lang.Object)'> (0x00000000d655a188) 
thrown [s\src\hotspot\share\interpreter\linkResolver.cpp, line 773]
Event: 4.381 Thread 0x000001697c8d1100 Exception <a 'java/lang/NoSuchMethodError'{0x00000000d65e6910}: 'java.lang.Object java.lang.invoke.Invokers$Holder.invoke_MT(java.lang.Object, java.lang.Object, java.lang.Object, java.lang.Object, java.lang.Object, java.lang.Object, java.lang.Object, java.lang.Object, java.lang.Object, java.lang.Object)'> (0x00000000d65e6910) 
thrown [s\src\hotspot\share\interpreter\linkResolver.cpp, line 773]
Event: 4.405 Thread 0x000001697c8d1100 Exception <a 'java/lang/NoSuchMethodError'{0x00000000d668f5a8}: 'java.lang.Object java.lang.invoke.DirectMethodHandle$Holder.newInvokeSpecial(java.lang.Object, java.lang.Object, java.lang.Object, java.lang.Object, java.lang.Object, java.lang.Object, java.lang.Object)'> (0x00000000d668f5a8) 
thrown [s\src\hotspot\share\interpreter\linkResolver.cpp, line 773]
Event: 4.413 Thread 0x000001697c8d1100 Exception <a 'java/lang/NoSuchMethodError'{0x00000000d6706450}: 'java.lang.Object java.lang.invoke.Invokers$Holder.invoker(java.lang.Object, java.lang.Object, java.lang.Object, java.lang.Object, java.lang.Object, java.lang.Object, java.lang.Object, java.lang.Object, java.lang.Object, java.lang.Object, java.lang.Object, java.lang.Object, java.lang.Object)'> (0x00000000d6706450) 
thrown [s\src\hotspot\share\interpreter\linkResolver.cpp, line 773]
Event: 4.414 Thread 0x000001697c8d1100 Exception <a 'java/lang/NoSuchMethodError'{0x00000000d6710a60}: 'java.lang.Object java.lang.invoke.DelegatingMethodHandle$Holder.delegate(java.lang.Object, java.lang.Object, java.lang.Object, java.lang.Object, java.lang.Object, java.lang.Object, java.lang.Object, java.lang.Object, java.lang.Object, java.lang.Object, java.lang.Object, java.lang.Object, java.lang.Object)'> (0x00000000d6710a60) 
thrown [s\src\hotspot\share\interpreter\linkResolver.cpp, line 773]
Event: 4.422 Thread 0x000001697c8d1100 Exception <a 'java/lang/NoSuchMethodError'{0x00000000d677bd60}: static Lorg/eclipse/m2e/core/internal/lifecyclemapping/model/PluginExecutionMetadata;.<clinit>()V> (0x00000000d677bd60) 
thrown [s\src\hotspot\share\prims\jni.cpp, line 1111]
Event: 4.429 Thread 0x000001697c8d1100 Exception <a 'java/lang/NoSuchMethodError'{0x00000000d67d8eb0}: static Lorg/eclipse/m2e/core/internal/lifecyclemapping/model/PluginExecutionFilter;.<clinit>()V> (0x00000000d67d8eb0) 
thrown [s\src\hotspot\share\prims\jni.cpp, line 1111]
Event: 4.433 Thread 0x000001697c8d1100 Exception <a 'java/lang/NoSuchMethodError'{0x00000000d6808a30}: static Lorg/eclipse/m2e/core/internal/project/registry/MavenProjectFacade$MavenProjectConfiguration;.<clinit>()V> (0x00000000d6808a30) 
thrown [s\src\hotspot\share\prims\jni.cpp, line 1111]
Event: 4.621 Thread 0x000001697c8d1100 Exception <a 'java/lang/NoSuchMethodError'{0x00000000d5917900}: 'double java.lang.invoke.DirectMethodHandle$Holder.invokeStatic(java.lang.Object, java.lang.Object)'> (0x00000000d5917900) 
thrown [s\src\hotspot\share\interpreter\linkResolver.cpp, line 773]
Event: 4.622 Thread 0x000001697c8d1100 Exception <a 'java/lang/NoSuchMethodError'{0x00000000d591af90}: 'double java.lang.invoke.DirectMethodHandle$Holder.invokeStaticInit(java.lang.Object, java.lang.Object)'> (0x00000000d591af90) 
thrown [s\src\hotspot\share\interpreter\linkResolver.cpp, line 773]
Event: 5.221 Thread 0x000001697c8d1100 Exception <a 'java/lang/NoSuchMethodError'{0x00000000d5edb0a0}: 'java.lang.Object java.lang.invoke.DirectMethodHandle$Holder.newInvokeSpecial(java.lang.Object, int, java.lang.Object, java.lang.Object)'> (0x00000000d5edb0a0) 
thrown [s\src\hotspot\share\interpreter\linkResolver.cpp, line 773]
Event: 5.391 Thread 0x000001697c8d1100 Exception <a 'java/lang/ClassNotFoundException'{0x00000000d67c9c88}: com/sun/org/apache/xerces/internal/impl/msg/spi/DOMMessagesProvider> (0x00000000d67c9c88) 
thrown [s\src\hotspot\share\classfile\systemDictionary.cpp, line 312]
Event: 5.392 Thread 0x000001697c8d1100 Exception <a 'java/lang/ClassNotFoundException'{0x00000000d67db640}: com/sun/org/apache/xerces/internal/impl/msg/spi/XMLSerializerMessagesProvider> (0x00000000d67db640) 
thrown [s\src\hotspot\share\classfile\systemDictionary.cpp, line 312]
Event: 5.392 Thread 0x000001697c8d1100 Exception <a 'java/lang/ClassNotFoundException'{0x00000000d67e8910}: com/sun/org/apache/xerces/internal/impl/msg/spi/XMLMessagesProvider> (0x00000000d67e8910) 
thrown [s\src\hotspot\share\classfile\systemDictionary.cpp, line 312]

ZGC Phase Switch (0 events):
No events

VM Operations (20 events):
Event: 3.844 Executing VM operation: HandshakeAllThreads (Deoptimize)
Event: 3.845 Executing VM operation: HandshakeAllThreads (Deoptimize) done
Event: 3.854 Executing VM operation: HandshakeAllThreads (Deoptimize)
Event: 3.854 Executing VM operation: HandshakeAllThreads (Deoptimize) done
Event: 4.046 Executing VM operation: ParallelGCFailedAllocation (Allocation Failure)
Event: 4.056 Executing VM operation: ParallelGCFailedAllocation (Allocation Failure) done
Event: 4.293 Executing VM operation: HandshakeAllThreads (Deoptimize)
Event: 4.293 Executing VM operation: HandshakeAllThreads (Deoptimize) done
Event: 4.454 Executing VM operation: CollectForMetadataAllocation (Metadata GC Threshold)
Event: 4.523 Executing VM operation: CollectForMetadataAllocation (Metadata GC Threshold) done
Event: 4.844 Executing VM operation: ParallelGCFailedAllocation (Allocation Failure)
Event: 4.847 Executing VM operation: ParallelGCFailedAllocation (Allocation Failure) done
Event: 5.176 Executing VM operation: ParallelGCFailedAllocation (Allocation Failure)
Event: 5.182 Executing VM operation: ParallelGCFailedAllocation (Allocation Failure) done
Event: 5.516 Executing VM operation: HandshakeAllThreads (Deoptimize)
Event: 5.517 Executing VM operation: HandshakeAllThreads (Deoptimize) done
Event: 5.539 Executing VM operation: ParallelGCFailedAllocation (Allocation Failure)
Event: 5.544 Executing VM operation: ParallelGCFailedAllocation (Allocation Failure) done
Event: 5.603 Executing VM operation: HandshakeAllThreads (Deoptimize)
Event: 5.604 Executing VM operation: HandshakeAllThreads (Deoptimize) done

Memory protections (0 events):
No events

Nmethod flushes (0 events):
No events

Events (20 events):
Event: 0.079 Thread 0x000001695cb69030 Thread added: 0x0000016976bbbfb0
Event: 0.079 Thread 0x000001695cb69030 Thread added: 0x000001695f05d9a0
Event: 0.079 Thread 0x000001695cb69030 Thread added: 0x0000016976bc00c0
Event: 0.115 Thread 0x000001695cb69030 Thread added: 0x0000016976c96490
Event: 0.143 Thread 0x0000016976bc00c0 Thread added: 0x0000016976dbd390
Event: 0.338 Thread 0x000001695cb69030 Thread added: 0x0000016976e679c0
Event: 0.483 Thread 0x0000016976bc00c0 Thread added: 0x000001697c13f6a0
Event: 1.249 Thread 0x000001695cb69030 Thread added: 0x000001697cc5e020
Event: 1.582 Thread 0x000001695cb69030 Thread added: 0x000001697c89d2a0
Event: 1.683 Thread 0x000001697c89d2a0 Thread added: 0x000001697c80a640
Event: 1.690 Thread 0x000001695cb69030 Thread added: 0x000001697c8d1100
Event: 2.140 Thread 0x000001697c8d1100 Thread added: 0x000001697cfba3a0
Event: 2.524 Thread 0x000001697c8d1100 Thread added: 0x000001697ca858b0
Event: 3.096 Thread 0x000001697c8d1100 Thread added: 0x000001697d234ba0
Event: 3.599 Thread 0x000001697c13f6a0 Thread exited: 0x000001697c13f6a0
Event: 3.620 Thread 0x000001697c8d1100 Thread added: 0x000001697c13f6a0
Event: 3.691 Thread 0x000001697c8d1100 Thread added: 0x000001697cf77bb0
Event: 3.713 Thread 0x000001697c8d1100 Thread added: 0x000001697cf76e90
Event: 4.084 Thread 0x0000016976dbd390 Thread added: 0x000001697d435750
Event: 5.430 Thread 0x000001697c8d1100 Thread added: 0x000001697cf76170


Dynamic libraries:
0x00007ff6af8c0000 - 0x00007ff6af8ce000 	c:\Users\G Anusha\.vscode\extensions\redhat.java-1.46.0-win32-x64\jre\21.0.8-win32-x86_64\bin\java.exe
0x00007ffd6bda0000 - 0x00007ffd6c009000 	C:\WINDOWS\SYSTEM32\ntdll.dll
0x00007ffd6a5f0000 - 0x00007ffd6a6b9000 	C:\WINDOWS\System32\KERNEL32.DLL
0x00007ffd69400000 - 0x00007ffd697f3000 	C:\WINDOWS\System32\KERNELBASE.dll
0x00007ffd692b0000 - 0x00007ffd693fb000 	C:\WINDOWS\System32\ucrtbase.dll
0x00007ffd4d6b0000 - 0x00007ffd4d6c8000 	c:\Users\G Anusha\.vscode\extensions\redhat.java-1.46.0-win32-x64\jre\21.0.8-win32-x86_64\bin\jli.dll
0x00007ffd6ad50000 - 0x00007ffd6af14000 	C:\WINDOWS\System32\USER32.dll
0x00007ffd69b40000 - 0x00007ffd69b67000 	C:\WINDOWS\System32\win32u.dll
0x00007ffd4d730000 - 0x00007ffd4d74e000 	c:\Users\G Anusha\.vscode\extensions\redhat.java-1.46.0-win32-x64\jre\21.0.8-win32-x86_64\bin\VCRUNTIME140.dll
0x00007ffd6b5f0000 - 0x00007ffd6b61b000 	C:\WINDOWS\System32\GDI32.dll
0x00007ffd69800000 - 0x00007ffd6992d000 	C:\WINDOWS\System32\gdi32full.dll
0x00007ffd68f30000 - 0x00007ffd68fd3000 	C:\WINDOWS\System32\msvcp_win.dll
0x00007ffd410f0000 - 0x00007ffd41383000 	C:\WINDOWS\WinSxS\amd64_microsoft.windows.common-controls_6595b64144ccf1df_6.0.26100.5074_none_3e0d6f78e32fd63f\COMCTL32.dll
0x00007ffd6a7e0000 - 0x00007ffd6a889000 	C:\WINDOWS\System32\msvcrt.dll
0x00007ffd6ba20000 - 0x00007ffd6ba4f000 	C:\WINDOWS\System32\IMM32.DLL
0x0000000072e30000 - 0x0000000072e3c000 	C:\Program Files (x86)\360\Total Security\safemon\SafeWrapper.dll
0x00007ffd6a990000 - 0x00007ffd6aa44000 	C:\WINDOWS\System32\ADVAPI32.dll
0x00007ffd6bcb0000 - 0x00007ffd6bd56000 	C:\WINDOWS\System32\sechost.dll
0x00007ffd6b4b0000 - 0x00007ffd6b5c8000 	C:\WINDOWS\System32\RPCRT4.dll
0x00007ffd489d0000 - 0x00007ffd48a7c000 	C:\Program Files (x86)\360\Total Security\safemon\libzdtp64.dll
0x00007ffd69ea0000 - 0x00007ffd6a5ed000 	C:\WINDOWS\System32\SHELL32.dll
0x00007ffd69140000 - 0x00007ffd692ac000 	C:\WINDOWS\System32\wintypes.dll
0x00007ffd6b620000 - 0x00007ffd6b99b000 	C:\WINDOWS\System32\combase.dll
0x00007ffd6aa60000 - 0x00007ffd6aac2000 	C:\WINDOWS\System32\SHLWAPI.dll
0x00007ffd68870000 - 0x00007ffd6887b000 	C:\WINDOWS\SYSTEM32\VERSION.dll
0x00007ffd63a40000 - 0x00007ffd63a4c000 	c:\Users\G Anusha\.vscode\extensions\redhat.java-1.46.0-win32-x64\jre\21.0.8-win32-x86_64\bin\vcruntime140_1.dll
0x00007ffd47ef0000 - 0x00007ffd47f7d000 	c:\Users\G Anusha\.vscode\extensions\redhat.java-1.46.0-win32-x64\jre\21.0.8-win32-x86_64\bin\msvcp140.dll
0x00007ffccfab0000 - 0x00007ffcd0847000 	c:\Users\G Anusha\.vscode\extensions\redhat.java-1.46.0-win32-x64\jre\21.0.8-win32-x86_64\bin\server\jvm.dll
0x00007ffd6b9a0000 - 0x00007ffd6ba14000 	C:\WINDOWS\System32\WS2_32.dll
0x00007ffd68d90000 - 0x00007ffd68dee000 	C:\WINDOWS\SYSTEM32\POWRPROF.dll
0x00007ffd60260000 - 0x00007ffd60295000 	C:\WINDOWS\SYSTEM32\WINMM.dll
0x00007ffd68d70000 - 0x00007ffd68d84000 	C:\WINDOWS\SYSTEM32\UMPDC.dll
0x00007ffd67c80000 - 0x00007ffd67c9b000 	C:\WINDOWS\SYSTEM32\kernel.appcore.dll
0x00007ffd4d840000 - 0x00007ffd4d84a000 	c:\Users\G Anusha\.vscode\extensions\redhat.java-1.46.0-win32-x64\jre\21.0.8-win32-x86_64\bin\jimage.dll
0x00007ffd66520000 - 0x00007ffd66762000 	C:\WINDOWS\SYSTEM32\DBGHELP.DLL
0x00007ffd6bbc0000 - 0x00007ffd6bc97000 	C:\WINDOWS\System32\OLEAUT32.dll
0x00007ffd47450000 - 0x00007ffd4748d000 	C:\WINDOWS\SYSTEM32\dbgcore.DLL
0x00007ffd690a0000 - 0x00007ffd69139000 	C:\WINDOWS\System32\bcryptPrimitives.dll
0x00007ffd4d860000 - 0x00007ffd4d86f000 	c:\Users\G Anusha\.vscode\extensions\redhat.java-1.46.0-win32-x64\jre\21.0.8-win32-x86_64\bin\instrument.dll
0x00007ffd4cb80000 - 0x00007ffd4cb9f000 	c:\Users\G Anusha\.vscode\extensions\redhat.java-1.46.0-win32-x64\jre\21.0.8-win32-x86_64\bin\java.dll
0x00007ffd66ae0000 - 0x00007ffd67339000 	C:\WINDOWS\SYSTEM32\windows.storage.dll
0x00007ffd6a890000 - 0x00007ffd6a980000 	C:\WINDOWS\System32\SHCORE.dll
0x00007ffd68e50000 - 0x00007ffd68e79000 	C:\WINDOWS\SYSTEM32\profapi.dll
0x00007ffd49630000 - 0x00007ffd49648000 	c:\Users\G Anusha\.vscode\extensions\redhat.java-1.46.0-win32-x64\jre\21.0.8-win32-x86_64\bin\zip.dll
0x00007ffd4d560000 - 0x00007ffd4d570000 	C:\Users\G Anusha\.vscode\extensions\redhat.java-1.46.0-win32-x64\jre\21.0.8-win32-x86_64\bin\net.dll
0x00007ffd5f9d0000 - 0x00007ffd5faef000 	C:\WINDOWS\SYSTEM32\WINHTTP.dll
0x00007ffd68220000 - 0x00007ffd6828b000 	C:\WINDOWS\system32\mswsock.dll
0x00007ffd495b0000 - 0x00007ffd495c6000 	C:\Users\G Anusha\.vscode\extensions\redhat.java-1.46.0-win32-x64\jre\21.0.8-win32-x86_64\bin\nio.dll
0x00007ffd4d850000 - 0x00007ffd4d860000 	c:\Users\G Anusha\.vscode\extensions\redhat.java-1.46.0-win32-x64\jre\21.0.8-win32-x86_64\bin\verify.dll
0x00007ffd3fc20000 - 0x00007ffd3fc64000 	C:\Users\G Anusha\AppData\Roaming\Code\User\globalStorage\redhat.java\1.46.0\config_win\org.eclipse.equinox.launcher\org.eclipse.equinox.launcher.win32.win32.x86_64_1.2.1400.v20250801-0854\eclipse_11916.dll
0x00007ffd6ab50000 - 0x00007ffd6ace8000 	C:\WINDOWS\System32\ole32.dll
0x00007ffd684c0000 - 0x00007ffd684db000 	C:\WINDOWS\SYSTEM32\CRYPTSP.dll
0x00007ffd67be0000 - 0x00007ffd67c1b000 	C:\WINDOWS\system32\rsaenh.dll
0x00007ffd682c0000 - 0x00007ffd682eb000 	C:\WINDOWS\SYSTEM32\USERENV.dll
0x00007ffd68e20000 - 0x00007ffd68e46000 	C:\WINDOWS\SYSTEM32\bcrypt.dll
0x00007ffd684e0000 - 0x00007ffd684ec000 	C:\WINDOWS\SYSTEM32\CRYPTBASE.dll
0x00007ffd67670000 - 0x00007ffd676a4000 	C:\WINDOWS\SYSTEM32\IPHLPAPI.DLL
0x00007ffd6aa50000 - 0x00007ffd6aa5a000 	C:\WINDOWS\System32\NSI.dll
0x00007ffd4ccd0000 - 0x00007ffd4cd19000 	C:\Users\G Anusha\AppData\Local\Temp\jna--513089571\jna17792994724022529419.dll
0x00007ffd6a750000 - 0x00007ffd6a758000 	C:\WINDOWS\System32\PSAPI.DLL
0x00007ffd4d190000 - 0x00007ffd4d19a000 	C:\Users\G Anusha\.vscode\extensions\redhat.java-1.46.0-win32-x64\jre\21.0.8-win32-x86_64\bin\management.dll
0x00007ffd4cf80000 - 0x00007ffd4cf8b000 	C:\Users\G Anusha\.vscode\extensions\redhat.java-1.46.0-win32-x64\jre\21.0.8-win32-x86_64\bin\management_ext.dll

JVMTI agents:
c:\Users\G Anusha\.vscode\extensions\redhat.java-1.46.0-win32-x64\lombok\lombok-1.18.39-4050.jar path:c:\Users\G Anusha\.vscode\extensions\redhat.java-1.46.0-win32-x64\jre\21.0.8-win32-x86_64\bin\instrument.dll, loaded, initialized, instrumentlib options:none

dbghelp: loaded successfully - version: 4.0.5 - missing functions: none
symbol engine: initialized successfully - sym options: 0x614 - pdb path: .;c:\Users\G Anusha\.vscode\extensions\redhat.java-1.46.0-win32-x64\jre\21.0.8-win32-x86_64\bin;C:\WINDOWS\SYSTEM32;C:\WINDOWS\WinSxS\amd64_microsoft.windows.common-controls_6595b64144ccf1df_6.0.26100.5074_none_3e0d6f78e32fd63f;C:\Program Files (x86)\360\Total Security\safemon;c:\Users\G Anusha\.vscode\extensions\redhat.java-1.46.0-win32-x64\jre\21.0.8-win32-x86_64\bin\server;C:\Users\G Anusha\AppData\Roaming\Code\User\globalStorage\redhat.java\1.46.0\config_win\org.eclipse.equinox.launcher\org.eclipse.equinox.launcher.win32.win32.x86_64_1.2.1400.v20250801-0854;C:\Users\G Anusha\AppData\Local\Temp\jna--513089571

VM Arguments:
jvm_args: --add-modules=ALL-SYSTEM --add-opens=java.base/java.util=ALL-UNNAMED --add-opens=java.base/java.lang=ALL-UNNAMED --add-opens=java.base/sun.nio.fs=ALL-UNNAMED -Declipse.application=org.eclipse.jdt.ls.core.id1 -Dosgi.bundles.defaultStartLevel=4 -Declipse.product=org.eclipse.jdt.ls.core.product -Djava.import.generatesMetadataFilesAtProjectRoot=false -DDetectVMInstallationsJob.disabled=true -Dfile.encoding=utf8 -XX:+UseParallelGC -XX:GCTimeRatio=4 -XX:AdaptiveSizePolicyWeight=90 -Dsun.zip.disableMemoryMapping=true -Xmx2G -Xms100m -Xlog:disable -javaagent:c:\Users\G Anusha\.vscode\extensions\redhat.java-1.46.0-win32-x64\lombok\lombok-1.18.39-4050.jar -XX:+HeapDumpOnOutOfMemoryError -XX:HeapDumpPath=c:\Users\G Anusha\AppData\Roaming\Code\User\workspaceStorage\176592e7eaa29a9721fe9114996a2c06\redhat.java -Daether.dependencyCollector.impl=bf 
java_command: c:\Users\G Anusha\.vscode\extensions\redhat.java-1.46.0-win32-x64\server\plugins\org.eclipse.equinox.launcher_1.7.0.v20250519-0528.jar -configuration c:\Users\G Anusha\AppData\Roaming\Code\User\globalStorage\redhat.java\1.46.0\config_win -data c:\Users\G Anusha\AppData\Roaming\Code\User\workspaceStorage\176592e7eaa29a9721fe9114996a2c06\redhat.java\jdt_ws --pipe=\\.\pipe\lsp-f8d8ab88b9084907d53281106c49d369-sock
java_class_path (initial): c:\Users\G Anusha\.vscode\extensions\redhat.java-1.46.0-win32-x64\server\plugins\org.eclipse.equinox.launcher_1.7.0.v20250519-0528.jar
Launcher Type: SUN_STANDARD

[Global flags]
    uintx AdaptiveSizePolicyWeight                 = 90                                        {product} {command line}
     intx CICompilerCount                          = 4                                         {product} {ergonomic}
    uintx GCTimeRatio                              = 4                                         {product} {command line}
     bool HeapDumpOnOutOfMemoryError               = true                                   {manageable} {command line}
    ccstr HeapDumpPath                             = c:\Users\G Anusha\AppData\Roaming\Code\User\workspaceStorage\176592e7eaa29a9721fe9114996a2c06\redhat.java         {manageable} {command line}
   size_t InitialHeapSize                          = 104857600                                 {product} {command line}
   size_t MaxHeapSize                              = 2147483648                                {product} {command line}
   size_t MaxNewSize                               = 715653120                                 {product} {ergonomic}
   size_t MinHeapDeltaBytes                        = 524288                                    {product} {ergonomic}
   size_t MinHeapSize                              = 104857600                                 {product} {command line}
   size_t NewSize                                  = 34603008                                  {product} {ergonomic}
    uintx NonNMethodCodeHeapSize                   = 5839372                                {pd product} {ergonomic}
    uintx NonProfiledCodeHeapSize                  = 122909434                              {pd product} {ergonomic}
   size_t OldSize                                  = 70254592                                  {product} {ergonomic}
    uintx ProfiledCodeHeapSize                     = 122909434                              {pd product} {ergonomic}
    uintx ReservedCodeCacheSize                    = 251658240                              {pd product} {ergonomic}
     bool SegmentedCodeCache                       = true                                      {product} {ergonomic}
   size_t SoftMaxHeapSize                          = 2147483648                             {manageable} {ergonomic}
     bool UseCompressedOops                        = true                           {product lp64_product} {ergonomic}
     bool UseLargePagesIndividualAllocation        = false                                  {pd product} {ergonomic}
     bool UseParallelGC                            = true                                      {product} {command line}

Logging:
Log output configuration:
 #0: stdout all=off uptime,level,tags foldmultilines=false
 #1: stderr all=off uptime,level,tags foldmultilines=false

Environment Variables:
JAVA_HOME=C:\Program Files\Java\jdk-24
PATH=C:\Program Files\Common Files\Oracle\Java\javapath;C:\Users\G Anusha\AppData\Local\Programs\Python\Python312\python.exe;C:\Program Files\Java\jdk-24\lib;C:\Program Files\nodejs\;C:\ProgramData\Microsoft\Windows\Start Menu\Programs\Node.js;C:\Users\G Anusha\AppData\Roaming\npm;C:\Program Files\apache-maven-3.9.11\bin;C:\Program Files\Java\jdk-24\bin;C:\Program Files\MySQL\MySQL Server 8.0\bin;C:\Program Files\Git\cmd;C:\Program Files\MySQL\MySQL Shell 8.0\bin\;C:\Users\G Anusha\AppData\Local\Programs\Python\Python311\Scripts\;C:\Users\G Anusha\AppData\Local\Programs\Python\Python311\;C:\Users\G Anusha\AppData\Local\Programs\Python\Python313\Scripts\;C:\Users\G Anusha\AppData\Local\Programs\Python\Python313\;C:\Users\G Anusha\AppData\Local\Programs\Python\Launcher\;C:\Users\G Anusha\AppData\Local\Microsoft\WindowsApps;C:\Program Files\JetBrains\IntelliJ IDEA Community Edition 2023.3.2\bin;;C:\Program Files\JetBrains\PyCharm Community Edition 2023.3.2\bin;;C:\Program Files\Azure Data Studio\bin;C:\Users\G Anusha\AppData\Local\Programs\Microsoft VS Code\bin;C:\Users\G Anusha\AppData\Local\Programs\cursor\resources\app\bin;C:\Users\G Anusha\AppData\Roaming\npm;C:\Program Files\MySQL\MySQL Server 8.0\bin;
USERNAME=G Anusha
OS=Windows_NT
PROCESSOR_IDENTIFIER=Intel64 Family 6 Model 154 Stepping 4, GenuineIntel
TMP=C:\Users\GANUSH~1\AppData\Local\Temp
TEMP=C:\Users\GANUSH~1\AppData\Local\Temp




Periodic native trim disabled

---------------  S Y S T E M  ---------------

OS:
 Windows 11 , 64 bit Build 26100 (10.0.26100.5074)
OS uptime: 0 days 19:56 hours
Hyper-V role detected

CPU: total 12 (initial active 12) (6 cores per cpu, 2 threads per core) family 6 model 154 stepping 4 microcode 0x432, cx8, cmov, fxsr, ht, mmx, 3dnowpref, sse, sse2, sse3, ssse3, sse4.1, sse4.2, popcnt, lzcnt, tsc, tscinvbit, avx, avx2, aes, erms, clmul, bmi1, bmi2, adx, sha, fma, vzeroupper, clflush, clflushopt, clwb, hv, serialize, rdtscp, rdpid, fsrm, f16c, cet_ibt, cet_ss
Processor Information for processor 0
  Max Mhz: 1000, Current Mhz: 1000, Mhz Limit: 1000
Processor Information for processor 1
  Max Mhz: 1000, Current Mhz: 1000, Mhz Limit: 1000
Processor Information for processor 2
  Max Mhz: 1000, Current Mhz: 1000, Mhz Limit: 1000
Processor Information for processor 3
  Max Mhz: 1000, Current Mhz: 1000, Mhz Limit: 1000
Processor Information for processor 4
  Max Mhz: 1000, Current Mhz: 700, Mhz Limit: 700
Processor Information for processor 5
  Max Mhz: 1000, Current Mhz: 700, Mhz Limit: 700
Processor Information for processor 6
  Max Mhz: 1000, Current Mhz: 700, Mhz Limit: 700
Processor Information for processor 7
  Max Mhz: 1000, Current Mhz: 700, Mhz Limit: 700
Processor Information for processor 8
  Max Mhz: 1000, Current Mhz: 700, Mhz Limit: 700
Processor Information for processor 9
  Max Mhz: 1000, Current Mhz: 700, Mhz Limit: 700
Processor Information for processor 10
  Max Mhz: 1000, Current Mhz: 700, Mhz Limit: 700
Processor Information for processor 11
  Max Mhz: 1000, Current Mhz: 700, Mhz Limit: 700

Memory: 4k page, system-wide physical 16077M (1891M free)
TotalPageFile size 21070M (AvailPageFile size 0M)
current process WorkingSet (physical memory assigned to process): 171M, peak: 171M
current process commit charge ("private bytes"): 303M, peak: 304M

vm_info: OpenJDK 64-Bit Server VM (21.0.8+9-LTS) for windows-amd64 JRE (21.0.8+9-LTS), built on 2025-07-15T00:00:00Z by "admin" with MS VC++ 17.7 (VS2022)

END.
